2025-09-17 16:23:44,813 - INFO: Auto-fixed COGS for 277 rows.
2025-09-17 16:24:53,809 - ERROR: Task exception was never retrieved
future: <Task finished name='Task-17239' coro=<WebSocketProtocol13.write_message.<locals>.wrapper() done, defined at c:\Users\Otis Hermsen\pythonScripts\InvoiceReportChecker\.venv\Lib\site-packages\tornado\websocket.py:1111> exception=WebSocketClosedError()>
Traceback (most recent call last):
  File "c:\Users\Otis Hermsen\pythonScripts\InvoiceReportChecker\.venv\Lib\site-packages\tornado\websocket.py", line 1113, in wrapper
    await fut
tornado.iostream.StreamClosedError: Stream is closed

During handling of the above exception, another exception occurred:

Traceback (most recent call last):
  File "c:\Users\Otis Hermsen\pythonScripts\InvoiceReportChecker\.venv\Lib\site-packages\tornado\websocket.py", line 1115, in wrapper
    raise WebSocketClosedError()
tornado.websocket.WebSocketClosedError
2025-09-17 16:25:55,446 - INFO: Auto-fixed COGS for 277 rows.
2025-09-17 16:25:58,072 - INFO: Auto-fixed COGS for 1975 rows.
2025-09-17 16:27:56,174 - INFO: Auto-fixed COGS for 1975 rows.
2025-09-17 16:29:22,360 - INFO: Auto-fixed COGS for 1975 rows.
2025-09-17 16:29:25,091 - INFO: Auto-fixed COGS for 1975 rows.
2025-09-17 16:35:19,857 - INFO: Auto-fixed COGS for 277 rows.
2025-09-17 16:35:31,411 - INFO: Auto-fixed COGS for 277 rows.
2025-09-17 16:38:40,692 - INFO: Auto-fixed COGS for 16 rows.
2025-09-17 16:40:42,439 - INFO: Auto-fixed COGS for 293 rows.
2025-09-21 20:34:04,809 - INFO: HTTP Request: POST https://api.openai.com/v1/embeddings "HTTP/1.1 401 Unauthorized"
2025-09-21 20:40:08,887 - INFO: HTTP Request: POST https://api.openai.com/v1/embeddings "HTTP/1.1 401 Unauthorized"
2025-09-22 16:55:17,810 - INFO: HTTP Request: POST https://api.openai.com/v1/embeddings "HTTP/1.1 200 OK"
2025-09-22 17:34:19,323 - INFO: Loading all indices.
2025-09-22 18:08:00,063 - INFO: Loading all indices.
2025-09-22 18:08:16,810 - INFO: HTTP Request: POST https://api.openai.com/v1/chat/completions "HTTP/1.1 200 OK"
2025-09-22 18:08:18,043 - INFO: HTTP Request: POST https://api.openai.com/v1/chat/completions "HTTP/1.1 200 OK"
2025-09-22 18:08:39,239 - INFO: HTTP Request: POST https://api.openai.com/v1/chat/completions "HTTP/1.1 200 OK"
2025-09-22 18:08:40,366 - INFO: HTTP Request: POST https://api.openai.com/v1/chat/completions "HTTP/1.1 200 OK"
2025-09-22 18:08:57,466 - INFO: HTTP Request: POST https://api.openai.com/v1/chat/completions "HTTP/1.1 200 OK"
2025-09-22 18:08:58,699 - INFO: HTTP Request: POST https://api.openai.com/v1/chat/completions "HTTP/1.1 200 OK"
2025-09-22 18:19:07,719 - INFO: Loading all indices.
2025-09-22 18:19:23,377 - INFO: HTTP Request: POST https://api.openai.com/v1/chat/completions "HTTP/1.1 200 OK"
2025-09-22 18:19:27,062 - INFO: HTTP Request: POST https://api.openai.com/v1/chat/completions "HTTP/1.1 200 OK"
2025-09-22 18:19:40,579 - INFO: HTTP Request: POST https://api.openai.com/v1/chat/completions "HTTP/1.1 200 OK"
2025-09-22 18:19:41,400 - INFO: HTTP Request: POST https://api.openai.com/v1/chat/completions "HTTP/1.1 200 OK"
2025-09-22 18:20:03,281 - INFO: HTTP Request: POST https://api.openai.com/v1/chat/completions "HTTP/1.1 200 OK"
2025-09-22 18:20:03,700 - INFO: HTTP Request: POST https://api.openai.com/v1/chat/completions "HTTP/1.1 200 OK"
2025-09-24 14:29:10,537 - INFO: Loading all indices.
2025-09-24 14:50:20,474 - INFO: Loading all indices.
2025-09-24 14:59:04,107 - INFO: HTTP Request: POST https://api.openai.com/v1/chat/completions "HTTP/1.1 200 OK"
2025-09-24 14:59:04,785 - INFO: HTTP Request: POST https://api.openai.com/v1/chat/completions "HTTP/1.1 200 OK"
2025-09-24 14:59:14,150 - INFO: HTTP Request: POST https://api.openai.com/v1/chat/completions "HTTP/1.1 200 OK"
2025-09-24 14:59:14,868 - INFO: HTTP Request: POST https://api.openai.com/v1/chat/completions "HTTP/1.1 200 OK"
2025-09-24 14:59:22,332 - INFO: HTTP Request: POST https://api.openai.com/v1/chat/completions "HTTP/1.1 200 OK"
2025-09-24 14:59:22,829 - INFO: HTTP Request: POST https://api.openai.com/v1/chat/completions "HTTP/1.1 200 OK"
2025-09-24 15:01:26,233 - INFO: HTTP Request: POST https://api.openai.com/v1/chat/completions "HTTP/1.1 200 OK"
2025-09-24 15:01:26,940 - INFO: HTTP Request: POST https://api.openai.com/v1/chat/completions "HTTP/1.1 200 OK"
2025-09-24 15:01:35,308 - INFO: HTTP Request: POST https://api.openai.com/v1/chat/completions "HTTP/1.1 200 OK"
2025-09-24 15:01:35,892 - INFO: HTTP Request: POST https://api.openai.com/v1/chat/completions "HTTP/1.1 200 OK"
2025-09-24 17:03:47,643 - INFO: Loading all indices.
2025-09-24 17:04:12,294 - INFO: HTTP Request: POST https://api.openai.com/v1/chat/completions "HTTP/1.1 200 OK"
2025-09-24 17:04:13,057 - INFO: HTTP Request: POST https://api.openai.com/v1/chat/completions "HTTP/1.1 200 OK"
2025-09-24 17:04:13,626 - INFO: HTTP Request: POST https://api.openai.com/v1/chat/completions "HTTP/1.1 200 OK"
2025-09-24 17:16:53,278 - INFO: Loading all indices.
2025-09-26 17:57:24,800 - INFO: Loading all indices.
2025-10-01 14:23:17,367 - INFO: Loading all indices.
2025-10-01 14:23:32,530 - INFO: HTTP Request: POST https://api.openai.com/v1/chat/completions "HTTP/1.1 200 OK"
2025-10-01 14:23:33,417 - INFO: HTTP Request: POST https://api.openai.com/v1/chat/completions "HTTP/1.1 200 OK"
2025-10-01 14:23:51,431 - INFO: HTTP Request: POST https://api.openai.com/v1/chat/completions "HTTP/1.1 200 OK"
2025-10-01 14:23:52,068 - INFO: HTTP Request: POST https://api.openai.com/v1/chat/completions "HTTP/1.1 200 OK"
2025-10-01 15:19:05,906 - INFO: HTTP Request: POST https://api.openai.com/v1/chat/completions "HTTP/1.1 200 OK"
2025-10-01 15:19:06,506 - INFO: HTTP Request: POST https://api.openai.com/v1/chat/completions "HTTP/1.1 200 OK"
2025-10-01 15:19:14,458 - INFO: HTTP Request: POST https://api.openai.com/v1/chat/completions "HTTP/1.1 200 OK"
2025-10-01 15:19:14,965 - INFO: HTTP Request: POST https://api.openai.com/v1/chat/completions "HTTP/1.1 200 OK"
2025-10-01 15:19:28,542 - INFO: HTTP Request: POST https://api.openai.com/v1/chat/completions "HTTP/1.1 200 OK"
2025-10-01 15:19:29,324 - INFO: HTTP Request: POST https://api.openai.com/v1/chat/completions "HTTP/1.1 200 OK"
2025-10-01 15:36:21,821 - INFO: Loading all indices.
2025-10-01 15:36:29,610 - INFO: HTTP Request: POST https://api.openai.com/v1/chat/completions "HTTP/1.1 200 OK"
2025-10-01 15:36:30,269 - INFO: HTTP Request: POST https://api.openai.com/v1/chat/completions "HTTP/1.1 200 OK"
2025-10-01 17:08:58,829 - INFO: HTTP Request: POST https://api.openai.com/v1/chat/completions "HTTP/1.1 200 OK"
2025-10-01 17:09:08,239 - INFO: HTTP Request: POST https://api.openai.com/v1/chat/completions "HTTP/1.1 200 OK"
2025-10-02 11:40:50,201 - INFO: Loading all indices.
2025-10-02 11:41:17,008 - INFO: HTTP Request: POST https://api.openai.com/v1/chat/completions "HTTP/1.1 200 OK"
2025-10-02 11:41:17,849 - INFO: HTTP Request: POST https://api.openai.com/v1/chat/completions "HTTP/1.1 200 OK"
2025-10-02 11:42:20,881 - INFO: Loading all indices.
2025-10-02 11:43:06,884 - INFO: Loading all indices.
2025-10-02 11:44:18,949 - INFO: HTTP Request: POST https://api.openai.com/v1/chat/completions "HTTP/1.1 200 OK"
2025-10-02 11:44:19,891 - INFO: HTTP Request: POST https://api.openai.com/v1/chat/completions "HTTP/1.1 200 OK"
2025-10-02 11:44:20,844 - INFO: HTTP Request: POST https://api.openai.com/v1/chat/completions "HTTP/1.1 200 OK"
2025-10-02 11:44:22,198 - INFO: HTTP Request: POST https://api.openai.com/v1/chat/completions "HTTP/1.1 200 OK"
2025-10-02 11:44:23,346 - INFO: HTTP Request: POST https://api.openai.com/v1/chat/completions "HTTP/1.1 200 OK"
2025-10-02 11:45:00,949 - INFO: HTTP Request: POST https://api.openai.com/v1/chat/completions "HTTP/1.1 200 OK"
2025-10-02 11:45:01,678 - INFO: HTTP Request: POST https://api.openai.com/v1/chat/completions "HTTP/1.1 200 OK"
2025-10-02 11:45:02,416 - INFO: HTTP Request: POST https://api.openai.com/v1/chat/completions "HTTP/1.1 200 OK"
2025-10-02 11:45:05,136 - INFO: HTTP Request: POST https://api.openai.com/v1/chat/completions "HTTP/1.1 200 OK"
2025-10-08 15:05:52,974 - INFO: Loading all indices.
2025-10-08 15:12:07,464 - ERROR: Task exception was never retrieved
future: <Task finished name='Task-14760' coro=<WebSocketProtocol13.write_message.<locals>.wrapper() done, defined at c:\Users\Otis Hermsen\pythonScripts\InvoiceReportChecker\.venv\Lib\site-packages\tornado\websocket.py:1111> exception=WebSocketClosedError()>
Traceback (most recent call last):
  File "c:\Users\Otis Hermsen\pythonScripts\InvoiceReportChecker\.venv\Lib\site-packages\tornado\websocket.py", line 1113, in wrapper
    await fut
tornado.iostream.StreamClosedError: Stream is closed

During handling of the above exception, another exception occurred:

Traceback (most recent call last):
  File "c:\Users\Otis Hermsen\pythonScripts\InvoiceReportChecker\.venv\Lib\site-packages\tornado\websocket.py", line 1115, in wrapper
    raise WebSocketClosedError()
tornado.websocket.WebSocketClosedError
2025-10-08 16:41:22,126 - INFO: Loading all indices.
2025-10-09 18:19:39,723 - INFO: Loading all indices.
2025-10-15 15:09:39,359 - INFO: Loading all indices.
2025-10-20 18:36:47,698 - INFO: Loading all indices.
2025-10-20 18:36:59,473 - INFO: HTTP Request: POST https://api.openai.com/v1/chat/completions "HTTP/1.1 200 OK"
2025-10-20 18:37:00,379 - INFO: HTTP Request: POST https://api.openai.com/v1/chat/completions "HTTP/1.1 200 OK"
